[debug] [2021-11-29T17:03:57.067Z] ----------------------------------------------------------------------
[debug] [2021-11-29T17:03:57.070Z] Command:       C:\Program Files\nodejs\node.exe C:\Users\Sajol\AppData\Roaming\npm\node_modules\firebase-tools\lib\bin\firebase.js init
[debug] [2021-11-29T17:03:57.070Z] CLI Version:   9.22.0
[debug] [2021-11-29T17:03:57.070Z] Platform:      win32
[debug] [2021-11-29T17:03:57.071Z] Node Version:  v16.13.0
[debug] [2021-11-29T17:03:57.446Z] Time:          Mon Nov 29 2021 23:03:57 GMT+0600 (Bangladesh Standard Time)
[debug] [2021-11-29T17:03:57.447Z] ----------------------------------------------------------------------
[debug] 
[debug] [2021-11-29T17:03:58.063Z] >>> [apiv2][query] GET https://firebase-public.firebaseio.com/cli.json [none]
[debug] [2021-11-29T17:03:58.111Z] > command requires scopes: ["email","openid","https://www.googleapis.com/auth/cloudplatformprojects.readonly","https://www.googleapis.com/auth/firebase","https://www.googleapis.com/auth/cloud-platform"]
[debug] [2021-11-29T17:03:58.111Z] > authorizing via signed-in user (sajolbhadra@gmail.com)
[info] 
     ######## #### ########  ######## ########     ###     ######  ########
     ##        ##  ##     ## ##       ##     ##  ##   ##  ##       ##
     ######    ##  ########  ######   ########  #########  ######  ######
     ##        ##  ##    ##  ##       ##     ## ##     ##       ## ##
     ##       #### ##     ## ######## ########  ##     ##  ######  ########

You're about to initialize a Firebase project in this directory:

  C:\projects\scic\portfolio

Before we get started, keep in mind:

  * You are currently outside your home directory

[debug] [2021-11-29T17:03:59.658Z] <<< [apiv2][status] GET https://firebase-public.firebaseio.com/cli.json 200
[debug] [2021-11-29T17:03:59.658Z] <<< [apiv2][body] GET https://firebase-public.firebaseio.com/cli.json {"cloudBuildErrorAfter":1594252800000,"cloudBuildWarnAfter":1590019200000,"defaultNode10After":1594252800000,"minVersion":"3.0.5","node8DeploysDisabledAfter":1613390400000,"node8RuntimeDisabledAfter":1615809600000,"node8WarnAfter":1600128000000}
